\BOOKMARK [0][-]{chapter*.2}{\376\377\000L\000E\000M\000B\000A\000R\000\040\000P\000E\000N\000G\000E\000S\000A\000H\000A\000N}{}% 1
\BOOKMARK [0][-]{chapter*.3}{\376\377\000P\000E\000R\000N\000Y\000A\000T\000A\000A\000N\000\040\000O\000R\000I\000S\000I\000N\000A\000L\000I\000T\000A\000S}{}% 2
\BOOKMARK [0][-]{chapter*.4}{\376\377\000P\000E\000R\000N\000Y\000A\000T\000A\000A\000N\000\040\000P\000E\000N\000G\000G\000U\000N\000A\000A\000N\000\040\000A\000I}{}% 3
\BOOKMARK [0][-]{chapter*.6}{\376\377\000A\000B\000S\000T\000R\000A\000K}{}% 4
\BOOKMARK [0][-]{chapter*.7}{\376\377\000K\000A\000T\000A\000\040\000P\000E\000N\000G\000A\000N\000T\000A\000R}{}% 5
\BOOKMARK [0][-]{section*.8}{\376\377\000D\000A\000F\000T\000A\000R\000\040\000I\000S\000I}{}% 6
\BOOKMARK [0][-]{section*.9}{\376\377\000D\000A\000F\000T\000A\000R\000\040\000G\000A\000M\000B\000A\000R}{}% 7
\BOOKMARK [0][-]{section*.10}{\376\377\000D\000A\000F\000T\000A\000R\000\040\000T\000A\000B\000E\000L}{}% 8
\BOOKMARK [0][-]{chapter*.11}{\376\377\000D\000A\000F\000T\000A\000R\000\040\000P\000E\000R\000S\000A\000M\000A\000A\000N}{}% 9
\BOOKMARK [0][-]{chapter*.12}{\376\377\000D\000A\000F\000T\000A\000R\000\040\000A\000L\000G\000O\000R\000I\000T\000M\000A}{}% 10
\BOOKMARK [0][-]{chapter*.13}{\376\377\000D\000A\000F\000T\000A\000R\000\040\000L\000I\000S\000T\000I\000N\000G}{}% 11
\BOOKMARK [0][-]{chapter*.13}{\376\377\000D\000A\000F\000T\000A\000R\000\040\000S\000I\000M\000B\000O\000L}{}% 12
\BOOKMARK [0][-]{table.0.1}{\376\377\000D\000A\000F\000T\000A\000R\000\040\000S\000I\000N\000G\000K\000A\000T\000A\000N}{}% 13
\BOOKMARK [0][-]{chapter.1}{\376\377\000P\000E\000N\000D\000A\000H\000U\000L\000U\000A\000N}{}% 14
\BOOKMARK [1][-]{section.1.1}{\376\377\000L\000a\000t\000a\000r\000\040\000B\000e\000l\000a\000k\000a\000n\000g}{chapter.1}% 15
\BOOKMARK [1][-]{section.1.2}{\376\377\000R\000u\000m\000u\000s\000a\000n\000\040\000M\000a\000s\000a\000l\000a\000h}{chapter.1}% 16
\BOOKMARK [1][-]{section.1.3}{\376\377\000T\000u\000j\000u\000a\000n}{chapter.1}% 17
\BOOKMARK [1][-]{section.1.4}{\376\377\000B\000a\000t\000a\000s\000a\000n\000\040\000M\000a\000s\000a\000l\000a\000h}{chapter.1}% 18
\BOOKMARK [1][-]{section.1.5}{\376\377\000M\000e\000t\000o\000d\000o\000l\000o\000g\000i}{chapter.1}% 19
\BOOKMARK [0][-]{chapter.2}{\376\377\000S\000T\000U\000D\000I\000\040\000L\000I\000T\000E\000R\000A\000T\000U\000R}{}% 20
\BOOKMARK [1][-]{section.2.1}{\376\377\000A\000r\000s\000i\000t\000e\000k\000t\000u\000r\000\040\000C\000l\000o\000u\000d\000\040\000M\000o\000d\000e\000r\000n\000\040\000d\000a\000n\000\040\000T\000a\000n\000t\000a\000n\000g\000a\000n\000\040\000K\000o\000m\000p\000l\000e\000k\000s\000i\000t\000a\000s}{chapter.2}% 21
\BOOKMARK [1][-]{section.2.2}{\376\377\000K\000u\000b\000e\000r\000n\000e\000t\000e\000s\000:\000\040\000P\000l\000a\000t\000f\000o\000r\000m\000\040\000O\000r\000k\000e\000s\000t\000r\000a\000s\000i\000\040\000K\000o\000n\000t\000a\000i\000n\000e\000r\000\040\000u\000n\000t\000u\000k\000\040\000A\000p\000l\000i\000k\000a\000s\000i\000\040\000C\000l\000o\000u\000d\000-\000N\000a\000t\000i\000v\000e}{chapter.2}% 22
\BOOKMARK [2][-]{subsection.2.2.1}{\376\377\000G\000a\000m\000b\000a\000r\000a\000n\000\040\000U\000m\000u\000m\000\040\000A\000r\000s\000i\000t\000e\000k\000t\000u\000r}{section.2.2}% 23
\BOOKMARK [2][-]{subsection.2.2.2}{\376\377\000R\000e\000s\000o\000u\000r\000c\000e\000\040\000M\000o\000d\000e\000l\000\040\000d\000a\000n\000\040\000H\000i\000e\000r\000a\000r\000k\000i}{section.2.2}% 24
\BOOKMARK [2][-]{subsection.2.2.3}{\376\377\000M\000a\000n\000i\000f\000e\000s\000\040\000Y\000A\000M\000L\000\040\000d\000a\000n\000\040\000I\000n\000f\000r\000a\000s\000t\000r\000u\000c\000t\000u\000r\000e\000\040\000a\000s\000\040\000C\000o\000d\000e}{section.2.2}% 25
\BOOKMARK [1][-]{section.2.3}{\376\377\000L\000a\000r\000g\000e\000\040\000L\000a\000n\000g\000u\000a\000g\000e\000\040\000M\000o\000d\000e\000l\000s\000\040\000\050\000L\000L\000M\000\051}{chapter.2}% 26
\BOOKMARK [2][-]{subsection.2.3.1}{\376\377\000D\000e\000f\000i\000n\000i\000s\000i\000\040\000d\000a\000n\000\040\000K\000a\000p\000a\000b\000i\000l\000i\000t\000a\000s}{section.2.3}% 27
\BOOKMARK [2][-]{subsection.2.3.2}{\376\377\000P\000r\000o\000m\000p\000t\000\040\000E\000n\000g\000i\000n\000e\000e\000r\000i\000n\000g}{section.2.3}% 28
\BOOKMARK [1][-]{section.2.4}{\376\377\000R\000e\000t\000r\000i\000e\000v\000a\000l\000-\000A\000u\000g\000m\000e\000n\000t\000e\000d\000\040\000G\000e\000n\000e\000r\000a\000t\000i\000o\000n\000\040\000\050\000R\000A\000G\000\051}{chapter.2}% 29
\BOOKMARK [2][-]{subsection.2.4.1}{\376\377\000A\000r\000s\000i\000t\000e\000k\000t\000u\000r\000\040\000R\000e\000t\000r\000i\000e\000v\000a\000l\000-\000A\000u\000g\000m\000e\000n\000t\000e\000d\000\040\000G\000e\000n\000e\000r\000a\000t\000i\000o\000n}{section.2.4}% 30
\BOOKMARK [2][-]{subsection.2.4.2}{\376\377\000P\000a\000r\000a\000d\000i\000g\000m\000a\000\040\000R\000A\000G}{section.2.4}% 31
\BOOKMARK [2][-]{subsection.2.4.3}{\376\377\000R\000e\000l\000e\000v\000a\000n\000s\000i\000\040\000R\000A\000G\000\040\000t\000e\000r\000h\000a\000d\000a\000p\000\040\000D\000o\000k\000u\000m\000e\000n\000t\000a\000s\000i\000\040\000K\000u\000b\000e\000r\000n\000e\000t\000e\000s\000\040\000A\000P\000I}{section.2.4}% 32
\BOOKMARK [1][-]{section.2.5}{\376\377\000K\000n\000o\000w\000l\000e\000d\000g\000e\000\040\000G\000r\000a\000p\000h\000\040\000d\000a\000n\000\040\000G\000r\000a\000p\000h\000R\000A\000G}{chapter.2}% 33
\BOOKMARK [2][-]{subsection.2.5.1}{\376\377\000D\000e\000f\000i\000n\000i\000s\000i\000\040\000d\000a\000n\000\040\000S\000t\000r\000u\000k\000t\000u\000r}{section.2.5}% 34
\BOOKMARK [2][-]{subsection.2.5.2}{\376\377\000I\000n\000t\000e\000g\000r\000a\000s\000i\000\040\000K\000G\000\040\000d\000a\000l\000a\000m\000\040\000R\000A\000G\000\040\000p\000a\000d\000a\000\040\000T\000a\000h\000a\000p\000\040\000P\000e\000r\000a\000n\000c\000a\000n\000g\000a\000n\000\040\000S\000o\000l\000u\000s\000i}{section.2.5}% 35
\BOOKMARK [2][-]{subsection.2.5.3}{\376\377\000G\000r\000a\000p\000h\000R\000A\000G\000:\000\040\000I\000n\000t\000e\000g\000r\000a\000s\000i\000\040\000K\000n\000o\000w\000l\000e\000d\000g\000e\000\040\000G\000r\000a\000p\000h\000\040\000d\000a\000n\000\040\000L\000a\000r\000g\000e\000\040\000L\000a\000n\000g\000u\000a\000g\000e\000\040\000M\000o\000d\000e\000l\000s}{section.2.5}% 36
\BOOKMARK [1][-]{section.2.6}{\376\377\000M\000e\000t\000r\000i\000k\000\040\000E\000v\000a\000l\000u\000a\000s\000i\000\040\000S\000i\000s\000t\000e\000m\000\040\000I\000n\000f\000o\000r\000m\000a\000s\000i\000\040\000R\000e\000t\000r\000i\000e\000v\000a\000l}{chapter.2}% 37
\BOOKMARK [2][-]{subsection.2.6.1}{\376\377\000M\000e\000t\000r\000i\000k\000\040\000K\000u\000a\000l\000i\000t\000a\000s\000\040\000J\000a\000w\000a\000b\000a\000n}{section.2.6}% 38
\BOOKMARK [2][-]{subsection.2.6.2}{\376\377\000M\000e\000t\000r\000i\000k\000\040\000K\000u\000a\000l\000i\000t\000a\000s\000\040\000R\000e\000t\000r\000i\000e\000v\000a\000l}{section.2.6}% 39
\BOOKMARK [2][-]{subsection.2.6.3}{\376\377\000M\000e\000t\000r\000i\000k\000\040\000V\000a\000l\000i\000d\000i\000t\000a\000s\000\040\000S\000i\000n\000t\000a\000k\000s\000i\000s\000\040\000Y\000A\000M\000L}{section.2.6}% 40
\BOOKMARK [0][-]{chapter.3}{\376\377\000A\000N\000A\000L\000I\000S\000I\000S\000\040\000M\000A\000S\000A\000L\000A\000H}{}% 41
\BOOKMARK [1][-]{section.3.1}{\376\377\000A\000n\000a\000l\000i\000s\000i\000s\000\040\000K\000o\000n\000d\000i\000s\000i\000\040\000S\000a\000a\000t\000\040\000I\000n\000i}{chapter.3}% 42
\BOOKMARK [2][-]{subsection.3.1.1}{\376\377\000P\000e\000m\000a\000h\000a\000m\000a\000n\000\040\000M\000a\000s\000a\000l\000a\000h\000\040\000B\000i\000s\000n\000i\000s\000\040\000\050\000B\000u\000s\000i\000n\000e\000s\000s\000\040\000U\000n\000d\000e\000r\000s\000t\000a\000n\000d\000i\000n\000g\000\051}{section.3.1}% 43
\BOOKMARK [2][-]{subsection.3.1.2}{\376\377\000P\000e\000m\000a\000h\000a\000m\000a\000n\000\040\000D\000a\000t\000a\000\040\000\050\000D\000a\000t\000a\000\040\000U\000n\000d\000e\000r\000s\000t\000a\000n\000d\000i\000n\000g\000\051}{section.3.1}% 44
\BOOKMARK [3][-]{subsubsection.3.1.2.1}{\376\377\000S\000u\000m\000b\000e\000r\000\040\000d\000a\000n\000\040\000S\000p\000e\000s\000i\000f\000i\000k\000a\000s\000i\000\040\000D\000a\000t\000a\000\040\000\050\000D\000a\000t\000a\000\040\000S\000o\000u\000r\000c\000e\000\040\000\046\000\040\000S\000p\000e\000c\000i\000f\000i\000c\000a\000t\000i\000o\000n\000s\000\051}{subsection.3.1.2}% 45
\BOOKMARK [3][-]{subsubsection.3.1.2.2}{\376\377\000A\000n\000a\000l\000i\000s\000i\000s\000\040\000S\000t\000r\000u\000k\000t\000u\000r\000\040\000D\000o\000k\000u\000m\000e\000n}{subsection.3.1.2}% 46
\BOOKMARK [3][-]{subsubsection.3.1.2.3}{\376\377\000A\000n\000a\000l\000i\000s\000i\000s\000\040\000D\000a\000t\000a\000\040\000E\000k\000s\000p\000l\000o\000r\000a\000t\000i\000f\000\040\000S\000p\000e\000s\000i\000f\000i\000k\000a\000s\000i\000\040\000O\000p\000e\000n\000A\000P\000I}{subsection.3.1.2}% 47
\BOOKMARK [3][-]{subsubsection.3.1.2.4}{\376\377\000A\000n\000a\000l\000i\000s\000i\000s\000\040\000K\000e\000t\000e\000r\000h\000u\000b\000u\000n\000g\000a\000n\000\040\000D\000a\000t\000a}{subsection.3.1.2}% 48
\BOOKMARK [3][-]{subsubsection.3.1.2.5}{\376\377\000D\000e\000s\000a\000i\000n\000\040\000T\000a\000k\000s\000o\000n\000o\000m\000i\000\040\000E\000d\000g\000e\000\040\000u\000n\000t\000u\000k\000\040\000K\000n\000o\000w\000l\000e\000d\000g\000e\000\040\000G\000r\000a\000p\000h\000\040\000K\000u\000b\000e\000r\000n\000e\000t\000e\000s}{subsection.3.1.2}% 49
\BOOKMARK [3][-]{subsubsection.3.1.2.6}{\376\377\000J\000u\000s\000t\000i\000f\000i\000k\000a\000s\000i\000\040\000B\000a\000t\000a\000s\000\040\000K\000e\000d\000a\000l\000a\000m\000a\000n\000\040\000P\000e\000n\000e\000l\000u\000s\000u\000r\000a\000n\000\040\000G\000r\000a\000f\000\040\000\050\0003\000\040\000L\000o\000m\000p\000a\000t\000a\000n\000\051}{subsection.3.1.2}% 50
\BOOKMARK [3][-]{subsubsection.3.1.2.7}{\376\377\000A\000n\000a\000l\000i\000s\000i\000s\000\040\000K\000o\000m\000p\000l\000e\000k\000s\000i\000t\000a\000s\000\040\000P\000e\000r\000t\000a\000n\000y\000a\000a\000n\000\040\000d\000a\000n\000\040\000B\000a\000t\000a\000s\000a\000n\000\040\000K\000e\000m\000a\000m\000p\000u\000a\000n\000\040\000S\000i\000s\000t\000e\000m}{subsection.3.1.2}% 51
\BOOKMARK [1][-]{section.3.2}{\376\377\000A\000n\000a\000l\000i\000s\000i\000s\000\040\000K\000e\000b\000u\000t\000u\000h\000a\000n}{chapter.3}% 52
\BOOKMARK [2][-]{subsection.3.2.1}{\376\377\000K\000e\000b\000u\000t\000u\000h\000a\000n\000\040\000F\000u\000n\000g\000s\000i\000o\000n\000a\000l}{section.3.2}% 53
\BOOKMARK [2][-]{subsection.3.2.2}{\376\377\000K\000e\000b\000u\000t\000u\000h\000a\000n\000\040\000N\000o\000n\000\040\000F\000u\000n\000g\000s\000i\000o\000n\000a\000l}{section.3.2}% 54
\BOOKMARK [2][-]{subsection.3.2.3}{\376\377\000P\000e\000m\000e\000t\000a\000a\000n\000\040\000K\000e\000b\000u\000t\000u\000h\000a\000n\000\040\000B\000i\000s\000n\000i\000s\000\040\000t\000e\000r\000h\000a\000d\000a\000p\000\040\000K\000e\000r\000a\000n\000g\000k\000a\000\040\000E\000v\000a\000l\000u\000a\000s\000i}{section.3.2}% 55
\BOOKMARK [1][-]{section.3.3}{\376\377\000A\000l\000t\000e\000r\000n\000a\000t\000i\000f\000\040\000S\000o\000l\000u\000s\000i}{chapter.3}% 56
\BOOKMARK [2][-]{subsection.3.3.1}{\376\377\000H\000y\000b\000r\000i\000d\000\040\000K\000G\040\023\000V\000e\000c\000t\000o\000r\000\040\000R\000A\000G}{section.3.3}% 57
\BOOKMARK [2][-]{subsection.3.3.2}{\376\377\000G\000N\000N\000-\000a\000u\000g\000m\000e\000n\000t\000e\000d\000\040\000G\000r\000a\000p\000h\000R\000A\000G\000\040\000\050\000G\000-\000R\000e\000t\000r\000i\000e\000v\000e\000r\000\051}{section.3.3}% 58
\BOOKMARK [2][-]{subsection.3.3.3}{\376\377\000H\000y\000b\000r\000i\000d\000\040\000N\000e\000u\000r\000a\000l\000-\000S\000y\000m\000b\000o\000l\000i\000c\000\040\000d\000e\000n\000g\000a\000n\000\040\000R\000e\000l\000a\000t\000i\000o\000n\000a\000l\000\040\000D\000B\000\040\000\050\000N\000e\000u\000S\000y\000m\000-\000R\000A\000G\000\051}{section.3.3}% 59
\BOOKMARK [1][-]{section.3.4}{\376\377\000A\000n\000a\000l\000i\000s\000i\000s\000\040\000P\000e\000m\000i\000l\000i\000h\000a\000n\000\040\000S\000o\000l\000u\000s\000i}{chapter.3}% 60
\BOOKMARK [2][-]{subsection.3.4.1}{\376\377\000R\000u\000b\000r\000i\000k\000\040\000E\000v\000a\000l\000u\000a\000s\000i\000\040\000S\000o\000l\000u\000s\000i}{section.3.4}% 61
\BOOKMARK [2][-]{subsection.3.4.2}{\376\377\000M\000a\000t\000r\000i\000k\000s\000\040\000K\000e\000p\000u\000t\000u\000s\000a\000n\000\040\000\046\000\040\000J\000u\000s\000t\000i\000f\000i\000k\000a\000s\000i\000\040\000P\000e\000n\000i\000l\000a\000i\000a\000n}{section.3.4}% 62
\BOOKMARK [2][-]{subsection.3.4.3}{\376\377\000A\000n\000a\000l\000i\000s\000i\000s\000\040\000P\000e\000m\000i\000l\000i\000h\000a\000n\000\040\000d\000a\000n\000\040\000P\000e\000n\000y\000e\000s\000u\000a\000i\000a\000n\000\040\000\050\000S\000e\000l\000e\000c\000t\000i\000o\000n\000\040\000\046\000\040\000A\000d\000j\000u\000s\000t\000m\000e\000n\000t\000\051}{section.3.4}% 63
\BOOKMARK [0][-]{chapter.4}{\376\377\000P\000E\000R\000A\000N\000C\000A\000N\000G\000A\000N}{}% 64
\BOOKMARK [1][-]{section.4.1}{\376\377\000R\000a\000n\000c\000a\000n\000g\000a\000n\000\040\000S\000o\000l\000u\000s\000i\000\040\000S\000e\000c\000a\000r\000a\000\040\000G\000a\000r\000i\000s\000\040\000B\000e\000s\000a\000r}{chapter.4}% 65
\BOOKMARK [1][-]{section.4.2}{\376\377\000P\000e\000m\000e\000t\000a\000a\000n\000\040\000M\000e\000t\000o\000d\000o\000l\000o\000g\000i\000\040\000t\000e\000r\000h\000a\000d\000a\000p\000\040\000K\000e\000b\000u\000t\000u\000h\000a\000n\000\040\000S\000i\000s\000t\000e\000m}{chapter.4}% 66
\BOOKMARK [1][-]{section.4.3}{\376\377\000P\000e\000r\000a\000n\000c\000a\000n\000g\000a\000n\000\040\000K\000o\000m\000p\000o\000n\000e\000n\000\040\000S\000i\000s\000t\000e\000m}{chapter.4}% 67
\BOOKMARK [2][-]{subsection.4.3.1}{\376\377\000P\000i\000p\000e\000l\000i\000n\000e\000\040\000I\000n\000g\000e\000s\000t\000i\000o\000n\000\040\000D\000a\000t\000a}{section.4.3}% 68
\BOOKMARK [2][-]{subsection.4.3.2}{\376\377\000P\000e\000r\000a\000n\000c\000a\000n\000g\000a\000n\000\040\000L\000a\000n\000g\000G\000r\000a\000p\000h\000\040\000A\000g\000e\000n\000t\000\040\000P\000i\000p\000e\000l\000i\000n\000e}{section.4.3}% 69
\BOOKMARK [2][-]{subsection.4.3.3}{\376\377\000P\000e\000r\000a\000n\000c\000a\000n\000g\000a\000n\000\040\000M\000e\000k\000a\000n\000i\000s\000m\000e\000\040\000R\000e\000t\000r\000i\000e\000v\000a\000l\000\040\000B\000e\000r\000t\000i\000n\000g\000k\000a\000t}{section.4.3}% 70
\BOOKMARK [2][-]{subsection.4.3.4}{\376\377\000P\000e\000r\000a\000n\000c\000a\000n\000g\000a\000n\000\040\000V\000a\000l\000i\000d\000a\000s\000i\000\040\000Y\000A\000M\000L\000\040\000T\000i\000g\000a\000\040\000L\000a\000p\000i\000s}{section.4.3}% 71
\BOOKMARK [2][-]{subsection.4.3.5}{\376\377\000P\000e\000r\000a\000n\000c\000a\000n\000g\000a\000n\000\040\000A\000n\000t\000a\000r\000m\000u\000k\000a\000\040\000W\000e\000b\000\040\000S\000t\000r\000e\000a\000m\000l\000i\000t}{section.4.3}% 72
\BOOKMARK [0][-]{chapter.5}{\376\377\000I\000M\000P\000L\000E\000M\000E\000N\000T\000A\000S\000I}{}% 73
\BOOKMARK [1][-]{section.5.1}{\376\377\000L\000i\000n\000g\000k\000u\000n\000g\000a\000n\000\040\000I\000m\000p\000l\000e\000m\000e\000n\000t\000a\000s\000i}{chapter.5}% 74
\BOOKMARK [1][-]{section.5.2}{\376\377\000I\000m\000p\000l\000e\000m\000e\000n\000t\000a\000s\000i\000\040\000I\000n\000g\000e\000s\000t\000i\000o\000n\000\040\000D\000a\000t\000a\000\040\000d\000a\000n\000\040\000K\000n\000o\000w\000l\000e\000d\000g\000e\000\040\000G\000r\000a\000p\000h}{chapter.5}% 75
\BOOKMARK [1][-]{section.5.3}{\376\377\000I\000m\000p\000l\000e\000m\000e\000n\000t\000a\000s\000i\000\040\000P\000i\000p\000e\000l\000i\000n\000e\000\040\000L\000a\000n\000g\000G\000r\000a\000p\000h}{chapter.5}% 76
\BOOKMARK [1][-]{section.5.4}{\376\377\000I\000m\000p\000l\000e\000m\000e\000n\000t\000a\000s\000i\000\040\000M\000e\000k\000a\000n\000i\000s\000m\000e\000\040\000R\000e\000t\000r\000i\000e\000v\000a\000l\000\040\000B\000e\000r\000t\000i\000n\000g\000k\000a\000t}{chapter.5}% 77
\BOOKMARK [1][-]{section.5.5}{\376\377\000I\000m\000p\000l\000e\000m\000e\000n\000t\000a\000s\000i\000\040\000V\000a\000l\000i\000d\000a\000s\000i\000\040\000Y\000A\000M\000L\000\040\000T\000i\000g\000a\000\040\000L\000a\000p\000i\000s}{chapter.5}% 78
\BOOKMARK [1][-]{section.5.6}{\376\377\000I\000m\000p\000l\000e\000m\000e\000n\000t\000a\000s\000i\000\040\000A\000n\000t\000a\000r\000m\000u\000k\000a\000\040\000P\000e\000n\000g\000g\000u\000n\000a}{chapter.5}% 79
\BOOKMARK [0][-]{chapter.6}{\376\377\000E\000V\000A\000L\000U\000A\000S\000I}{}% 80
\BOOKMARK [1][-]{section.6.1}{\376\377\000M\000e\000t\000o\000d\000e\000\040\000E\000v\000a\000l\000u\000a\000s\000i}{chapter.6}% 81
\BOOKMARK [1][-]{section.6.2}{\376\377\000V\000a\000l\000i\000d\000a\000s\000i\000\040\000D\000a\000t\000a\000s\000e\000t\000\040\000o\000l\000e\000h\000\040\000P\000a\000k\000a\000r}{chapter.6}% 82
\BOOKMARK [1][-]{section.6.3}{\376\377\000H\000a\000s\000i\000l\000\040\000E\000v\000a\000l\000u\000a\000s\000i\000\040\000K\000u\000a\000n\000t\000i\000t\000a\000t\000i\000f}{chapter.6}% 83
\BOOKMARK [2][-]{subsection.6.3.1}{\376\377\000S\000k\000o\000r\000\040\000K\000e\000s\000e\000l\000u\000r\000u\000h\000a\000n}{section.6.3}% 84
\BOOKMARK [2][-]{subsection.6.3.2}{\376\377\000S\000k\000o\000r\000\040\000p\000e\000r\000\040\000K\000a\000t\000e\000g\000o\000r\000i\000\040\000F\000i\000x\000t\000u\000r\000e}{section.6.3}% 85
\BOOKMARK [2][-]{subsection.6.3.3}{\376\377\000A\000n\000a\000l\000i\000s\000i\000s\000\040\000M\000e\000t\000r\000i\000k\000\040\000R\000e\000a\000s\000o\000n\000i\000n\000g\000\040\000Q\000u\000a\000l\000i\000t\000y}{section.6.3}% 86
\BOOKMARK [1][-]{section.6.4}{\376\377\000P\000e\000m\000b\000a\000h\000a\000s\000a\000n\000\040\000H\000a\000s\000i\000l\000\040\000E\000v\000a\000l\000u\000a\000s\000i}{chapter.6}% 87
\BOOKMARK [1][-]{section.6.5}{\376\377\000P\000e\000r\000b\000a\000n\000d\000i\000n\000g\000a\000n\000\040\000d\000e\000n\000g\000a\000n\000\040\000P\000e\000n\000d\000e\000k\000a\000t\000a\000n\000\040\000B\000a\000s\000e\000l\000i\000n\000e}{chapter.6}% 88
\BOOKMARK [0][-]{chapter.7}{\376\377\000P\000E\000N\000U\000T\000U\000P}{}% 89
\BOOKMARK [1][-]{section.7.1}{\376\377\000K\000e\000s\000i\000m\000p\000u\000l\000a\000n}{chapter.7}% 90
\BOOKMARK [1][-]{section.7.2}{\376\377\000S\000a\000r\000a\000n}{chapter.7}% 91
\BOOKMARK [0][-]{appendix.a.A}{\376\377\000L\000a\000m\000p\000i\000r\000a\000n\000\040\000K\000O\000D\000E\000\040\000P\000R\000O\000G\000R\000A\000M}{}% 92
\BOOKMARK [1][-]{section.a.A.1}{\376\377\000P\000e\000r\000a\000n\000g\000k\000a\000t\000\040\000L\000u\000n\000a\000k\000\040\000u\000n\000t\000u\000k\000\040\000A\000k\000u\000i\000s\000i\000s\000i\000\040\000D\000a\000t\000a\000\040\000d\000a\000r\000i\000\040\000S\000e\000n\000s\000o\000r\000\040\000U\000l\000t\000r\000a\000s\000o\000n\000i\000k}{appendix.a.A}% 93
\BOOKMARK [1][-]{section.a.A.2}{\376\377\000P\000e\000r\000a\000n\000g\000k\000a\000t\000\040\000L\000u\000n\000a\000k\000\040\000u\000n\000t\000u\000k\000\040\000P\000e\000n\000g\000o\000l\000a\000h\000a\000n\000\040\000D\000a\000t\000a\000\040\000A\000k\000u\000i\000s\000i\000s\000i\000\040\000d\000a\000n\000\040\000V\000i\000s\000u\000a\000l\000i\000s\000a\000s\000i\000\040\000H\000a\000s\000i\000l\000\040\000P\000e\000n\000g\000u\000k\000u\000r\000a\000n\000\040\000J\000a\000r\000a\000k}{appendix.a.A}% 94
\BOOKMARK [0][-]{appendix.a.B}{\376\377\000L\000a\000m\000p\000i\000r\000a\000n\000\040\000H\000A\000S\000I\000L\000\040\000S\000U\000R\000V\000E\000I\000\040\000L\000A\000P\000A\000N\000G\000A\000N}{}% 95
\BOOKMARK [1][-]{section.a.B.1}{\376\377\000F\000o\000t\000o\000\040\000S\000u\000r\000v\000e\000i\000\040\000L\000o\000k\000a\000s\000i\000\040\0001}{appendix.a.B}% 96
\BOOKMARK [1][-]{section.a.B.2}{\376\377\000F\000o\000t\000o\000\040\000S\000u\000r\000v\000e\000i\000\040\000L\000o\000k\000a\000s\000i\000\040\0002}{appendix.a.B}% 97
\BOOKMARK [1][-]{section.a.B.3}{\376\377\000T\000r\000a\000n\000s\000k\000r\000i\000p\000\040\000W\000a\000w\000a\000n\000c\000a\000r\000a\000\040\000d\000e\000n\000g\000a\000n\000\040\000N\000a\000r\000a\000s\000u\000m\000b\000e\000r}{appendix.a.B}% 98
